On branch master
Your branch is up to date with 'origin/master'.

Untracked files:
  (use "git add <file>..." to include in what will be committed)
	.local.git.out

nothing added to commit but untracked files present (use "git add" to track)
[master e8fb524] Commit
 Committer: Aarav Mangla <mangla1@data.cs.purdue.edu>
Your name and email address were configured automatically based
on your username and hostname. Please check that they are accurate.
You can suppress this message by setting them explicitly:

    git config --global user.name "Your Name"
    git config --global user.email you@example.com

After doing this, you may fix the identity used for this commit with:

    git commit --amend --reset-author

 1 file changed, 117 insertions(+), 7 deletions(-)
 rewrite myhttpd.cc (90%)
[master bad3270] Commit
 Committer: Aarav Mangla <mangla1@data.cs.purdue.edu>
Your name and email address were configured automatically based
on your username and hostname. Please check that they are accurate.
You can suppress this message by setting them explicitly:

    git config --global user.name "Your Name"
    git config --global user.email you@example.com

After doing this, you may fix the identity used for this commit with:

    git commit --amend --reset-author

 1 file changed, 11 insertions(+), 5 deletions(-)
On branch master
Your branch is up to date with 'origin/master'.

Untracked files:
  (use "git add <file>..." to include in what will be committed)
	.local.git.out
	daytime-server
	daytime-server.o
	hello.o
	hello.so
	myhttpd
	myhttpd.o
	use-dlopen
	use-dlopen.o

nothing added to commit but untracked files present (use "git add" to track)
[master 84facad] Commit
 Committer: Aarav Mangla <mangla1@data.cs.purdue.edu>
Your name and email address were configured automatically based
on your username and hostname. Please check that they are accurate.
You can suppress this message by setting them explicitly:

    git config --global user.name "Your Name"
    git config --global user.email you@example.com

After doing this, you may fix the identity used for this commit with:

    git commit --amend --reset-author

 1 file changed, 1 insertion(+), 1 deletion(-)
[master f81fb13] Commit
 Committer: Aarav Mangla <mangla1@data.cs.purdue.edu>
Your name and email address were configured automatically based
on your username and hostname. Please check that they are accurate.
You can suppress this message by setting them explicitly:

    git config --global user.name "Your Name"
    git config --global user.email you@example.com

After doing this, you may fix the identity used for this commit with:

    git commit --amend --reset-author

 1 file changed, 30 insertions(+), 22 deletions(-)
[master 841ac67] Commit
 Committer: Aarav Mangla <mangla1@data.cs.purdue.edu>
Your name and email address were configured automatically based
on your username and hostname. Please check that they are accurate.
You can suppress this message by setting them explicitly:

    git config --global user.name "Your Name"
    git config --global user.email you@example.com

After doing this, you may fix the identity used for this commit with:

    git commit --amend --reset-author

 1 file changed, 17 insertions(+), 33 deletions(-)
[master bd5184c] Commit
 Committer: Aarav Mangla <mangla1@data.cs.purdue.edu>
Your name and email address were configured automatically based
on your username and hostname. Please check that they are accurate.
You can suppress this message by setting them explicitly:

    git config --global user.name "Your Name"
    git config --global user.email you@example.com

After doing this, you may fix the identity used for this commit with:

    git commit --amend --reset-author

 1 file changed, 77 insertions(+), 50 deletions(-)
[master 87d017c] Commit
 Committer: Aarav Mangla <mangla1@data.cs.purdue.edu>
Your name and email address were configured automatically based
on your username and hostname. Please check that they are accurate.
You can suppress this message by setting them explicitly:

    git config --global user.name "Your Name"
    git config --global user.email you@example.com

After doing this, you may fix the identity used for this commit with:

    git commit --amend --reset-author

 1 file changed, 48 insertions(+), 59 deletions(-)
[master f8f2d46] Commit
 Committer: Aarav Mangla <mangla1@data.cs.purdue.edu>
Your name and email address were configured automatically based
on your username and hostname. Please check that they are accurate.
You can suppress this message by setting them explicitly:

    git config --global user.name "Your Name"
    git config --global user.email you@example.com

After doing this, you may fix the identity used for this commit with:

    git commit --amend --reset-author

 1 file changed, 54 insertions(+), 64 deletions(-)
[master b736983] Commit
 Committer: Aarav Mangla <mangla1@data.cs.purdue.edu>
Your name and email address were configured automatically based
on your username and hostname. Please check that they are accurate.
You can suppress this message by setting them explicitly:

    git config --global user.name "Your Name"
    git config --global user.email you@example.com

After doing this, you may fix the identity used for this commit with:

    git commit --amend --reset-author

 1 file changed, 43 insertions(+), 41 deletions(-)
[master 2644f18] Commit
 Committer: Aarav Mangla <mangla1@data.cs.purdue.edu>
Your name and email address were configured automatically based
on your username and hostname. Please check that they are accurate.
You can suppress this message by setting them explicitly:

    git config --global user.name "Your Name"
    git config --global user.email you@example.com

After doing this, you may fix the identity used for this commit with:

    git commit --amend --reset-author

 1 file changed, 43 insertions(+), 39 deletions(-)
On branch master
Your branch is up to date with 'origin/master'.

Untracked files:
  (use "git add <file>..." to include in what will be committed)
	.local.git.out
	daytime-server
	daytime-server.o
	hello.o
	hello.so
	myhttpd
	myhttpd.o
	use-dlopen
	use-dlopen.o

nothing added to commit but untracked files present (use "git add" to track)
On branch master
Your branch is up to date with 'origin/master'.

Untracked files:
  (use "git add <file>..." to include in what will be committed)
	.local.git.out
	daytime-server
	daytime-server.o
	hello.o
	hello.so
	myhttpd
	myhttpd.o
	use-dlopen
	use-dlopen.o

nothing added to commit but untracked files present (use "git add" to track)
[master 757147b] Commit
 Committer: Aarav Mangla <mangla1@data.cs.purdue.edu>
Your name and email address were configured automatically based
on your username and hostname. Please check that they are accurate.
You can suppress this message by setting them explicitly:

    git config --global user.name "Your Name"
    git config --global user.email you@example.com

After doing this, you may fix the identity used for this commit with:

    git commit --amend --reset-author

 1 file changed, 39 insertions(+), 43 deletions(-)
[master 372b64d] Commit
 Committer: Aarav Mangla <mangla1@data.cs.purdue.edu>
Your name and email address were configured automatically based
on your username and hostname. Please check that they are accurate.
You can suppress this message by setting them explicitly:

    git config --global user.name "Your Name"
    git config --global user.email you@example.com

After doing this, you may fix the identity used for this commit with:

    git commit --amend --reset-author

 1 file changed, 34 insertions(+), 27 deletions(-)
[master 635c268] Commit
 Committer: Aarav Mangla <mangla1@data.cs.purdue.edu>
Your name and email address were configured automatically based
on your username and hostname. Please check that they are accurate.
You can suppress this message by setting them explicitly:

    git config --global user.name "Your Name"
    git config --global user.email you@example.com

After doing this, you may fix the identity used for this commit with:

    git commit --amend --reset-author

 1 file changed, 1 insertion(+), 1 deletion(-)
[master 232f653] Commit
 Committer: Aarav Mangla <mangla1@data.cs.purdue.edu>
Your name and email address were configured automatically based
on your username and hostname. Please check that they are accurate.
You can suppress this message by setting them explicitly:

    git config --global user.name "Your Name"
    git config --global user.email you@example.com

After doing this, you may fix the identity used for this commit with:

    git commit --amend --reset-author

 1 file changed, 1 insertion(+), 1 deletion(-)
[master 7c158ff] Commit
 Committer: Aarav Mangla <mangla1@data.cs.purdue.edu>
Your name and email address were configured automatically based
on your username and hostname. Please check that they are accurate.
You can suppress this message by setting them explicitly:

    git config --global user.name "Your Name"
    git config --global user.email you@example.com

After doing this, you may fix the identity used for this commit with:

    git commit --amend --reset-author

 1 file changed, 373 insertions(+), 130 deletions(-)
 rewrite myhttpd.cc (71%)
[master 3b421b4] Commit
 Committer: Aarav Mangla <mangla1@data.cs.purdue.edu>
Your name and email address were configured automatically based
on your username and hostname. Please check that they are accurate.
You can suppress this message by setting them explicitly:

    git config --global user.name "Your Name"
    git config --global user.email you@example.com

After doing this, you may fix the identity used for this commit with:

    git commit --amend --reset-author

 1 file changed, 1 insertion(+)
[master 9b22e49] Commit
 Committer: Aarav Mangla <mangla1@data.cs.purdue.edu>
Your name and email address were configured automatically based
on your username and hostname. Please check that they are accurate.
You can suppress this message by setting them explicitly:

    git config --global user.name "Your Name"
    git config --global user.email you@example.com

After doing this, you may fix the identity used for this commit with:

    git commit --amend --reset-author

 1 file changed, 1 insertion(+), 1 deletion(-)
[master 769842e] Commit
 Committer: Aarav Mangla <mangla1@data.cs.purdue.edu>
Your name and email address were configured automatically based
on your username and hostname. Please check that they are accurate.
You can suppress this message by setting them explicitly:

    git config --global user.name "Your Name"
    git config --global user.email you@example.com

After doing this, you may fix the identity used for this commit with:

    git commit --amend --reset-author

 1 file changed, 1 insertion(+), 1 deletion(-)
[master 011002a] Commit
 Committer: Aarav Mangla <mangla1@data.cs.purdue.edu>
Your name and email address were configured automatically based
on your username and hostname. Please check that they are accurate.
You can suppress this message by setting them explicitly:

    git config --global user.name "Your Name"
    git config --global user.email you@example.com

After doing this, you may fix the identity used for this commit with:

    git commit --amend --reset-author

 1 file changed, 249 insertions(+), 374 deletions(-)
 rewrite myhttpd.cc (81%)
[master bc9667a] Commit
 Committer: Aarav Mangla <mangla1@data.cs.purdue.edu>
Your name and email address were configured automatically based
on your username and hostname. Please check that they are accurate.
You can suppress this message by setting them explicitly:

    git config --global user.name "Your Name"
    git config --global user.email you@example.com

After doing this, you may fix the identity used for this commit with:

    git commit --amend --reset-author

 1 file changed, 306 insertions(+), 249 deletions(-)
 rewrite myhttpd.cc (60%)
On branch master
Your branch is up to date with 'origin/master'.

Untracked files:
  (use "git add <file>..." to include in what will be committed)
	.local.git.out
	daytime-server
	daytime-server.o
	hello.o
	hello.so
	myhttpd
	myhttpd.o
	use-dlopen
	use-dlopen.o

nothing added to commit but untracked files present (use "git add" to track)
[master a144d8b] Commit
 Committer: Aarav Mangla <mangla1@data.cs.purdue.edu>
Your name and email address were configured automatically based
on your username and hostname. Please check that they are accurate.
You can suppress this message by setting them explicitly:

    git config --global user.name "Your Name"
    git config --global user.email you@example.com

After doing this, you may fix the identity used for this commit with:

    git commit --amend --reset-author

 1 file changed, 280 insertions(+), 306 deletions(-)
 rewrite myhttpd.cc (95%)
[master ec1b9af] Commit
 Committer: Aarav Mangla <mangla1@data.cs.purdue.edu>
Your name and email address were configured automatically based
on your username and hostname. Please check that they are accurate.
You can suppress this message by setting them explicitly:

    git config --global user.name "Your Name"
    git config --global user.email you@example.com

After doing this, you may fix the identity used for this commit with:

    git commit --amend --reset-author

 1 file changed, 116 insertions(+), 126 deletions(-)
On branch master
Your branch is up to date with 'origin/master'.

Untracked files:
  (use "git add <file>..." to include in what will be committed)
	.local.git.out
	daytime-server
	daytime-server.o
	hello.o
	hello.so
	myhttpd
	myhttpd.o
	use-dlopen
	use-dlopen.o

nothing added to commit but untracked files present (use "git add" to track)
On branch master
Your branch is up to date with 'origin/master'.

Untracked files:
  (use "git add <file>..." to include in what will be committed)
	.local.git.out
	daytime-server
	daytime-server.o
	hello.o
	hello.so
	myhttpd
	myhttpd.o
	use-dlopen
	use-dlopen.o

nothing added to commit but untracked files present (use "git add" to track)
[master ace0ca1] Commit
 Committer: Aarav Mangla <mangla1@data.cs.purdue.edu>
Your name and email address were configured automatically based
on your username and hostname. Please check that they are accurate.
You can suppress this message by setting them explicitly:

    git config --global user.name "Your Name"
    git config --global user.email you@example.com

After doing this, you may fix the identity used for this commit with:

    git commit --amend --reset-author

 1 file changed, 1 insertion(+), 1 deletion(-)
[master 3e6f20d] Commit
 Committer: Aarav Mangla <mangla1@data.cs.purdue.edu>
Your name and email address were configured automatically based
on your username and hostname. Please check that they are accurate.
You can suppress this message by setting them explicitly:

    git config --global user.name "Your Name"
    git config --global user.email you@example.com

After doing this, you may fix the identity used for this commit with:

    git commit --amend --reset-author

 1 file changed, 133 insertions(+), 128 deletions(-)
[master 23ae415] Commit
 Committer: Aarav Mangla <mangla1@data.cs.purdue.edu>
Your name and email address were configured automatically based
on your username and hostname. Please check that they are accurate.
You can suppress this message by setting them explicitly:

    git config --global user.name "Your Name"
    git config --global user.email you@example.com

After doing this, you may fix the identity used for this commit with:

    git commit --amend --reset-author

 6 files changed, 1 insertion(+), 1 deletion(-)
 rewrite http-root-dir/cgi-bin/post-query (89%)
 rewrite http-root-dir/cgi-bin/query (87%)
 rewrite http-root-dir/cgi-src/post-query.o (99%)
 rewrite http-root-dir/cgi-src/query.o (99%)
 rewrite http-root-dir/cgi-src/util.o (98%)
[master 82525f6] Commit
 Committer: Aarav Mangla <mangla1@data.cs.purdue.edu>
Your name and email address were configured automatically based
on your username and hostname. Please check that they are accurate.
You can suppress this message by setting them explicitly:

    git config --global user.name "Your Name"
    git config --global user.email you@example.com

After doing this, you may fix the identity used for this commit with:

    git commit --amend --reset-author

 27 files changed, 116 deletions(-)
 delete mode 100755 http-root-dir/icons/back.xbm
 delete mode 100755 http-root-dir/icons/ball.gif
 delete mode 100755 http-root-dir/icons/ball.xbm
 delete mode 100755 http-root-dir/icons/binary.gif
 delete mode 100755 http-root-dir/icons/binary.xbm
 delete mode 100755 http-root-dir/icons/blank.xbm
 delete mode 100755 http-root-dir/icons/blue_ball.gif
 delete mode 100755 http-root-dir/icons/ftp.gif
 delete mode 100755 http-root-dir/icons/ftp.xbm
 delete mode 100755 http-root-dir/icons/green_ball.gif
 delete mode 100755 http-root-dir/icons/image.gif
 delete mode 100755 http-root-dir/icons/image.xbm
 delete mode 100755 http-root-dir/icons/index.gif
 delete mode 100755 http-root-dir/icons/index.xbm
 delete mode 100755 http-root-dir/icons/menu.gif
 delete mode 100755 http-root-dir/icons/menu.xbm
 delete mode 100755 http-root-dir/icons/movie.gif
 delete mode 100755 http-root-dir/icons/movie.xbm
 delete mode 100755 http-root-dir/icons/red_ball.gif
 delete mode 100755 http-root-dir/icons/sound.gif
 delete mode 100755 http-root-dir/icons/sound.xbm
 delete mode 100755 http-root-dir/icons/telnet.gif
 delete mode 100755 http-root-dir/icons/telnet.xbm
 mode change 100755 => 100644 http-root-dir/icons/text.gif
 delete mode 100755 http-root-dir/icons/text.xbm
 mode change 100755 => 100644 http-root-dir/icons/unknown.gif
 delete mode 100755 http-root-dir/icons/unknown.xbm
[master 08b6e7f] Commit
 Committer: Aarav Mangla <mangla1@data.cs.purdue.edu>
Your name and email address were configured automatically based
on your username and hostname. Please check that they are accurate.
You can suppress this message by setting them explicitly:

    git config --global user.name "Your Name"
    git config --global user.email you@example.com

After doing this, you may fix the identity used for this commit with:

    git commit --amend --reset-author

 1 file changed, 85 insertions(+), 72 deletions(-)
On branch master
Your branch is up to date with 'origin/master'.

Untracked files:
  (use "git add <file>..." to include in what will be committed)
	.local.git.out
	daytime-server
	daytime-server.o
	hello.o
	hello.so
	http-root-dir/icons/back.gif
	http-root-dir/icons/blank.gif
	http-root-dir/icons/folder.gif
	http-root-dir/icons/tar.gif
	myhttpd
	myhttpd.o
	use-dlopen
	use-dlopen.o

nothing added to commit but untracked files present (use "git add" to track)
On branch master
Your branch is up to date with 'origin/master'.

Untracked files:
  (use "git add <file>..." to include in what will be committed)
	.local.git.out
	daytime-server
	daytime-server.o
	hello.o
	hello.so
	http-root-dir/icons/back.gif
	http-root-dir/icons/blank.gif
	http-root-dir/icons/folder.gif
	http-root-dir/icons/tar.gif
	myhttpd
	myhttpd.o
	use-dlopen
	use-dlopen.o

nothing added to commit but untracked files present (use "git add" to track)
[master 53d78c6] Commit
 Committer: Aarav Mangla <mangla1@data.cs.purdue.edu>
Your name and email address were configured automatically based
on your username and hostname. Please check that they are accurate.
You can suppress this message by setting them explicitly:

    git config --global user.name "Your Name"
    git config --global user.email you@example.com

After doing this, you may fix the identity used for this commit with:

    git commit --amend --reset-author

 1 file changed, 662 insertions(+), 288 deletions(-)
 rewrite myhttpd.cc (97%)
On branch master
Your branch is up to date with 'origin/master'.

Untracked files:
  (use "git add <file>..." to include in what will be committed)
	.local.git.out
	daytime-server
	daytime-server.o
	hello.o
	hello.so
	http-root-dir/icons/back.gif
	http-root-dir/icons/blank.gif
	http-root-dir/icons/folder.gif
	http-root-dir/icons/tar.gif
	myhttpd
	myhttpd.o
	use-dlopen
	use-dlopen.o

nothing added to commit but untracked files present (use "git add" to track)
[master 429ceaa] Commit
 Committer: Aarav Mangla <mangla1@data.cs.purdue.edu>
Your name and email address were configured automatically based
on your username and hostname. Please check that they are accurate.
You can suppress this message by setting them explicitly:

    git config --global user.name "Your Name"
    git config --global user.email you@example.com

After doing this, you may fix the identity used for this commit with:

    git commit --amend --reset-author

 1 file changed, 447 insertions(+), 662 deletions(-)
 rewrite myhttpd.cc (98%)
[master 9cecb5e] Commit
 Committer: Aarav Mangla <mangla1@data.cs.purdue.edu>
Your name and email address were configured automatically based
on your username and hostname. Please check that they are accurate.
You can suppress this message by setting them explicitly:

    git config --global user.name "Your Name"
    git config --global user.email you@example.com

After doing this, you may fix the identity used for this commit with:

    git commit --amend --reset-author

 1 file changed, 1 insertion(+), 1 deletion(-)
[master eccff0f] Commit
 Committer: Aarav Mangla <mangla1@data.cs.purdue.edu>
Your name and email address were configured automatically based
on your username and hostname. Please check that they are accurate.
You can suppress this message by setting them explicitly:

    git config --global user.name "Your Name"
    git config --global user.email you@example.com

After doing this, you may fix the identity used for this commit with:

    git commit --amend --reset-author

 1 file changed, 453 insertions(+), 447 deletions(-)
 rewrite myhttpd.cc (78%)
[master 83ba6c2] Commit
 Committer: Aarav Mangla <mangla1@data.cs.purdue.edu>
Your name and email address were configured automatically based
on your username and hostname. Please check that they are accurate.
You can suppress this message by setting them explicitly:

    git config --global user.name "Your Name"
    git config --global user.email you@example.com

After doing this, you may fix the identity used for this commit with:

    git commit --amend --reset-author

 1 file changed, 1 insertion(+), 1 deletion(-)
[master 777654e] Commit
 Committer: Aarav Mangla <mangla1@data.cs.purdue.edu>
Your name and email address were configured automatically based
on your username and hostname. Please check that they are accurate.
You can suppress this message by setting them explicitly:

    git config --global user.name "Your Name"
    git config --global user.email you@example.com

After doing this, you may fix the identity used for this commit with:

    git commit --amend --reset-author

 1 file changed, 451 insertions(+), 453 deletions(-)
 rewrite myhttpd.cc (73%)
[master 54c622e] Commit
 Committer: Aarav Mangla <mangla1@data.cs.purdue.edu>
Your name and email address were configured automatically based
on your username and hostname. Please check that they are accurate.
You can suppress this message by setting them explicitly:

    git config --global user.name "Your Name"
    git config --global user.email you@example.com

After doing this, you may fix the identity used for this commit with:

    git commit --amend --reset-author

 1 file changed, 1 insertion(+), 1 deletion(-)
On branch master
Your branch is up to date with 'origin/master'.

Untracked files:
  (use "git add <file>..." to include in what will be committed)
	.local.git.out
	http-root-dir/icons/back.gif
	http-root-dir/icons/blank.gif
	http-root-dir/icons/folder.gif
	http-root-dir/icons/tar.gif

nothing added to commit but untracked files present (use "git add" to track)
[master 0df23c3] Commit
 Committer: Aarav Mangla <mangla1@data.cs.purdue.edu>
Your name and email address were configured automatically based
on your username and hostname. Please check that they are accurate.
You can suppress this message by setting them explicitly:

    git config --global user.name "Your Name"
    git config --global user.email you@example.com

After doing this, you may fix the identity used for this commit with:

    git commit --amend --reset-author

 2 files changed, 5 insertions(+), 5 deletions(-)
[master ff2e73e] Commit
 Committer: Aarav Mangla <mangla1@data.cs.purdue.edu>
Your name and email address were configured automatically based
on your username and hostname. Please check that they are accurate.
You can suppress this message by setting them explicitly:

    git config --global user.name "Your Name"
    git config --global user.email you@example.com

After doing this, you may fix the identity used for this commit with:

    git commit --amend --reset-author

 1 file changed, 128 insertions(+), 103 deletions(-)
[master 1759593] Commit
 Committer: Aarav Mangla <mangla1@data.cs.purdue.edu>
Your name and email address were configured automatically based
on your username and hostname. Please check that they are accurate.
You can suppress this message by setting them explicitly:

    git config --global user.name "Your Name"
    git config --global user.email you@example.com

After doing this, you may fix the identity used for this commit with:

    git commit --amend --reset-author

 1 file changed, 1 insertion(+), 1 deletion(-)
On branch master
Your branch is up to date with 'origin/master'.

Untracked files:
  (use "git add <file>..." to include in what will be committed)
	.local.git.out
	.vscode/
	daytime-server
	daytime-server.o
	hello.o
	hello.so
	http-root-dir/cgi-bin/imagemap
	http-root-dir/cgi-bin/jj
	http-root-dir/cgi-bin/phf
	http-root-dir/cgi-src/imagemap.o
	http-root-dir/cgi-src/jj.o
	http-root-dir/cgi-src/phf.o
	http-root-dir/icons/back.gif
	http-root-dir/icons/blank.gif
	http-root-dir/icons/folder.gif
	http-root-dir/icons/tar.gif
	http-root-dir/logs
	myhttpd
	myhttpd.o
	use-dlopen
	use-dlopen.o

nothing added to commit but untracked files present (use "git add" to track)
On branch master
Your branch is up to date with 'origin/master'.

Untracked files:
  (use "git add <file>..." to include in what will be committed)
	.local.git.out
	.vscode/
	http-root-dir/cgi-bin/imagemap
	http-root-dir/cgi-bin/jj
	http-root-dir/cgi-bin/phf
	http-root-dir/cgi-src/imagemap.o
	http-root-dir/cgi-src/jj.o
	http-root-dir/cgi-src/phf.o
	http-root-dir/icons/back.gif
	http-root-dir/icons/blank.gif
	http-root-dir/icons/folder.gif
	http-root-dir/icons/tar.gif
	http-root-dir/logs

nothing added to commit but untracked files present (use "git add" to track)
On branch master
Your branch is up to date with 'origin/master'.

Untracked files:
  (use "git add <file>..." to include in what will be committed)
	.local.git.out
	.vscode/
	daytime-server
	daytime-server.o
	hello.o
	hello.so
	http-root-dir/cgi-bin/imagemap
	http-root-dir/cgi-bin/jj
	http-root-dir/cgi-bin/phf
	http-root-dir/cgi-src/imagemap.o
	http-root-dir/cgi-src/jj.o
	http-root-dir/cgi-src/phf.o
	http-root-dir/icons/back.gif
	http-root-dir/icons/blank.gif
	http-root-dir/icons/folder.gif
	http-root-dir/icons/tar.gif
	http-root-dir/logs
	myhttpd
	myhttpd.o
	use-dlopen
	use-dlopen.o

nothing added to commit but untracked files present (use "git add" to track)
[master ce8f86c] Commit
 Committer: Aarav Mangla <mangla1@data.cs.purdue.edu>
Your name and email address were configured automatically based
on your username and hostname. Please check that they are accurate.
You can suppress this message by setting them explicitly:

    git config --global user.name "Your Name"
    git config --global user.email you@example.com

After doing this, you may fix the identity used for this commit with:

    git commit --amend --reset-author

 1 file changed, 240 insertions(+), 476 deletions(-)
 rewrite myhttpd.cc (98%)
[master f013553] Commit
 Committer: Aarav Mangla <mangla1@data.cs.purdue.edu>
Your name and email address were configured automatically based
on your username and hostname. Please check that they are accurate.
You can suppress this message by setting them explicitly:

    git config --global user.name "Your Name"
    git config --global user.email you@example.com

After doing this, you may fix the identity used for this commit with:

    git commit --amend --reset-author

 1 file changed, 270 insertions(+), 240 deletions(-)
 rewrite myhttpd.cc (97%)
[master 749250f] Commit
 Committer: Aarav Mangla <mangla1@data.cs.purdue.edu>
Your name and email address were configured automatically based
on your username and hostname. Please check that they are accurate.
You can suppress this message by setting them explicitly:

    git config --global user.name "Your Name"
    git config --global user.email you@example.com

After doing this, you may fix the identity used for this commit with:

    git commit --amend --reset-author

 1 file changed, 451 insertions(+), 270 deletions(-)
 rewrite myhttpd.cc (88%)
[master ba82127] Commit
 Committer: Aarav Mangla <mangla1@data.cs.purdue.edu>
Your name and email address were configured automatically based
on your username and hostname. Please check that they are accurate.
You can suppress this message by setting them explicitly:

    git config --global user.name "Your Name"
    git config --global user.email you@example.com

After doing this, you may fix the identity used for this commit with:

    git commit --amend --reset-author

 1 file changed, 1 insertion(+), 1 deletion(-)
On branch master
Your branch is up to date with 'origin/master'.

Untracked files:
  (use "git add <file>..." to include in what will be committed)
	.local.git.out
	.nfs00000000009f6ef900032d2c
	.vscode/
	daytime-server
	daytime-server.o
	hello.o
	hello.so
	http-root-dir/cgi-bin/imagemap
	http-root-dir/cgi-bin/jj
	http-root-dir/cgi-bin/phf
	http-root-dir/cgi-bin/pizza
	http-root-dir/cgi-src/imagemap.o
	http-root-dir/cgi-src/jj.o
	http-root-dir/cgi-src/phf.o
	http-root-dir/icons/back.gif
	http-root-dir/icons/blank.gif
	http-root-dir/icons/folder.gif
	http-root-dir/icons/tar.gif
	http-root-dir/logs
	myhttpd
	myhttpd.o
	use-dlopen
	use-dlopen.o

nothing added to commit but untracked files present (use "git add" to track)
On branch master
Your branch is up to date with 'origin/master'.

Untracked files:
  (use "git add <file>..." to include in what will be committed)
	.local.git.out
	.nfs00000000009f6ef900032d2c
	.vscode/
	http-root-dir/cgi-bin/imagemap
	http-root-dir/cgi-bin/jj
	http-root-dir/cgi-bin/phf
	http-root-dir/cgi-bin/pizza
	http-root-dir/cgi-src/imagemap.o
	http-root-dir/cgi-src/jj.o
	http-root-dir/cgi-src/phf.o
	http-root-dir/icons/back.gif
	http-root-dir/icons/blank.gif
	http-root-dir/icons/folder.gif
	http-root-dir/icons/tar.gif
	http-root-dir/logs

nothing added to commit but untracked files present (use "git add" to track)
[master e46235f] Commit
 Committer: Aarav Mangla <mangla1@data.cs.purdue.edu>
Your name and email address were configured automatically based
on your username and hostname. Please check that they are accurate.
You can suppress this message by setting them explicitly:

    git config --global user.name "Your Name"
    git config --global user.email you@example.com

After doing this, you may fix the identity used for this commit with:

    git commit --amend --reset-author

 1 file changed, 2 insertions(+), 1 deletion(-)
On branch master
Your branch is up to date with 'origin/master'.

Untracked files:
  (use "git add <file>..." to include in what will be committed)
	.local.git.out
	.nfs00000000009f6ef900032d2c
	.vscode/
	http-root-dir/cgi-bin/imagemap
	http-root-dir/cgi-bin/jj
	http-root-dir/cgi-bin/phf
	http-root-dir/cgi-bin/pizza
	http-root-dir/cgi-src/imagemap.o
	http-root-dir/cgi-src/jj.o
	http-root-dir/cgi-src/phf.o
	http-root-dir/icons/back.gif
	http-root-dir/icons/blank.gif
	http-root-dir/icons/folder.gif
	http-root-dir/icons/tar.gif
	http-root-dir/logs

nothing added to commit but untracked files present (use "git add" to track)
[master af7cdd3] Commit
 Committer: Aarav Mangla <mangla1@data.cs.purdue.edu>
Your name and email address were configured automatically based
on your username and hostname. Please check that they are accurate.
You can suppress this message by setting them explicitly:

    git config --global user.name "Your Name"
    git config --global user.email you@example.com

After doing this, you may fix the identity used for this commit with:

    git commit --amend --reset-author

 1 file changed, 1 insertion(+), 1 deletion(-)
On branch master
Your branch is up to date with 'origin/master'.

Untracked files:
  (use "git add <file>..." to include in what will be committed)
	.local.git.out
	.nfs00000000009f6ef900032d2c
	.vscode/
	http-root-dir/cgi-bin/imagemap
	http-root-dir/cgi-bin/jj
	http-root-dir/cgi-bin/phf
	http-root-dir/cgi-bin/pizza
	http-root-dir/cgi-src/imagemap.o
	http-root-dir/cgi-src/jj.o
	http-root-dir/cgi-src/phf.o
	http-root-dir/icons/back.gif
	http-root-dir/icons/blank.gif
	http-root-dir/icons/folder.gif
	http-root-dir/icons/tar.gif
	http-root-dir/logs

nothing added to commit but untracked files present (use "git add" to track)
[master b0b77d5] Commit
 Committer: Aarav Mangla <mangla1@data.cs.purdue.edu>
Your name and email address were configured automatically based
on your username and hostname. Please check that they are accurate.
You can suppress this message by setting them explicitly:

    git config --global user.name "Your Name"
    git config --global user.email you@example.com

After doing this, you may fix the identity used for this commit with:

    git commit --amend --reset-author

 3 files changed, 1 insertion(+), 1 deletion(-)
 delete mode 100644 http-root-dir/icons/text.gif
 delete mode 100644 http-root-dir/icons/unknown.gif
[master e66efdd] Commit
 Committer: Aarav Mangla <mangla1@data.cs.purdue.edu>
Your name and email address were configured automatically based
on your username and hostname. Please check that they are accurate.
You can suppress this message by setting them explicitly:

    git config --global user.name "Your Name"
    git config --global user.email you@example.com

After doing this, you may fix the identity used for this commit with:

    git commit --amend --reset-author

 1 file changed, 8 insertions(+), 8 deletions(-)
On branch master
Your branch is up to date with 'origin/master'.

Untracked files:
  (use "git add <file>..." to include in what will be committed)
	.local.git.out
	.nfs00000000009f6ef900032d2c
	.vscode/
	daytime-server
	daytime-server.o
	hello.o
	hello.so
	http-root-dir/cgi-bin/imagemap
	http-root-dir/cgi-bin/jj
	http-root-dir/cgi-bin/phf
	http-root-dir/cgi-bin/pizza
	http-root-dir/cgi-src/imagemap.o
	http-root-dir/cgi-src/jj.o
	http-root-dir/cgi-src/phf.o
	http-root-dir/htdocs/icons/
	http-root-dir/logs
	myhttpd
	myhttpd.o
	use-dlopen
	use-dlopen.o

nothing added to commit but untracked files present (use "git add" to track)
[master f036960] Commit
 Committer: Aarav Mangla <mangla1@data.cs.purdue.edu>
Your name and email address were configured automatically based
on your username and hostname. Please check that they are accurate.
You can suppress this message by setting them explicitly:

    git config --global user.name "Your Name"
    git config --global user.email you@example.com

After doing this, you may fix the identity used for this commit with:

    git commit --amend --reset-author

 1 file changed, 1 insertion(+), 1 deletion(-)
[master ed17939] Commit
 Committer: Aarav Mangla <mangla1@data.cs.purdue.edu>
Your name and email address were configured automatically based
on your username and hostname. Please check that they are accurate.
You can suppress this message by setting them explicitly:

    git config --global user.name "Your Name"
    git config --global user.email you@example.com

After doing this, you may fix the identity used for this commit with:

    git commit --amend --reset-author

 1 file changed, 28 insertions(+), 7 deletions(-)
[master e6a9e35] Commit
 Committer: Aarav Mangla <mangla1@data.cs.purdue.edu>
Your name and email address were configured automatically based
on your username and hostname. Please check that they are accurate.
You can suppress this message by setting them explicitly:

    git config --global user.name "Your Name"
    git config --global user.email you@example.com

After doing this, you may fix the identity used for this commit with:

    git commit --amend --reset-author

 1 file changed, 29 insertions(+), 18 deletions(-)
[master 25e4b18] Commit
 Committer: Aarav Mangla <mangla1@data.cs.purdue.edu>
Your name and email address were configured automatically based
on your username and hostname. Please check that they are accurate.
You can suppress this message by setting them explicitly:

    git config --global user.name "Your Name"
    git config --global user.email you@example.com

After doing this, you may fix the identity used for this commit with:

    git commit --amend --reset-author

 1 file changed, 60 insertions(+), 82 deletions(-)
On branch master
Your branch is up to date with 'origin/master'.

Untracked files:
  (use "git add <file>..." to include in what will be committed)
	.local.git.out
	.nfs00000000009f6ef900032d2c
	.vscode/
	daytime-server
	daytime-server.o
	hello.o
	hello.so
	http-root-dir/cgi-bin/imagemap
	http-root-dir/cgi-bin/jj
	http-root-dir/cgi-bin/phf
	http-root-dir/cgi-bin/pizza
	http-root-dir/cgi-src/imagemap.o
	http-root-dir/cgi-src/jj.o
	http-root-dir/cgi-src/phf.o
	http-root-dir/htdocs/icons/
	http-root-dir/logs
	myhttpd
	myhttpd.o
	use-dlopen
	use-dlopen.o

nothing added to commit but untracked files present (use "git add" to track)
[master 45b894b] Commit
 Committer: Aarav Mangla <mangla1@data.cs.purdue.edu>
Your name and email address were configured automatically based
on your username and hostname. Please check that they are accurate.
You can suppress this message by setting them explicitly:

    git config --global user.name "Your Name"
    git config --global user.email you@example.com

After doing this, you may fix the identity used for this commit with:

    git commit --amend --reset-author

 1 file changed, 82 insertions(+), 60 deletions(-)
[master 400cf29] Commit
 Committer: Aarav Mangla <mangla1@data.cs.purdue.edu>
Your name and email address were configured automatically based
on your username and hostname. Please check that they are accurate.
You can suppress this message by setting them explicitly:

    git config --global user.name "Your Name"
    git config --global user.email you@example.com

After doing this, you may fix the identity used for this commit with:

    git commit --amend --reset-author

 1 file changed, 1 insertion(+), 1 deletion(-)
[master 5d04f84] Commit
 Committer: Aarav Mangla <mangla1@data.cs.purdue.edu>
Your name and email address were configured automatically based
on your username and hostname. Please check that they are accurate.
You can suppress this message by setting them explicitly:

    git config --global user.name "Your Name"
    git config --global user.email you@example.com

After doing this, you may fix the identity used for this commit with:

    git commit --amend --reset-author

 1 file changed, 13 insertions(+), 15 deletions(-)
[master c568807] Commit
 Committer: Aarav Mangla <mangla1@data.cs.purdue.edu>
Your name and email address were configured automatically based
on your username and hostname. Please check that they are accurate.
You can suppress this message by setting them explicitly:

    git config --global user.name "Your Name"
    git config --global user.email you@example.com

After doing this, you may fix the identity used for this commit with:

    git commit --amend --reset-author

 1 file changed, 5 insertions(+), 14 deletions(-)
[master 86cddc5] Commit
 Committer: Aarav Mangla <mangla1@data.cs.purdue.edu>
Your name and email address were configured automatically based
on your username and hostname. Please check that they are accurate.
You can suppress this message by setting them explicitly:

    git config --global user.name "Your Name"
    git config --global user.email you@example.com

After doing this, you may fix the identity used for this commit with:

    git commit --amend --reset-author

 1 file changed, 56 insertions(+), 39 deletions(-)
[master 102d816] Commit
 Committer: Aarav Mangla <mangla1@data.cs.purdue.edu>
Your name and email address were configured automatically based
on your username and hostname. Please check that they are accurate.
You can suppress this message by setting them explicitly:

    git config --global user.name "Your Name"
    git config --global user.email you@example.com

After doing this, you may fix the identity used for this commit with:

    git commit --amend --reset-author

 1 file changed, 1 insertion(+), 1 deletion(-)
[master ee626a6] Commit
 Committer: Aarav Mangla <mangla1@data.cs.purdue.edu>
Your name and email address were configured automatically based
on your username and hostname. Please check that they are accurate.
You can suppress this message by setting them explicitly:

    git config --global user.name "Your Name"
    git config --global user.email you@example.com

After doing this, you may fix the identity used for this commit with:

    git commit --amend --reset-author

 1 file changed, 27 insertions(+), 22 deletions(-)
On branch master
Your branch is up to date with 'origin/master'.

Untracked files:
  (use "git add <file>..." to include in what will be committed)
	.local.git.out
	.nfs00000000009f6ef900032d2c
	.vscode/
	http-root-dir/cgi-bin/imagemap
	http-root-dir/cgi-bin/jj
	http-root-dir/cgi-bin/phf
	http-root-dir/cgi-bin/pizza
	http-root-dir/cgi-src/imagemap.o
	http-root-dir/cgi-src/jj.o
	http-root-dir/cgi-src/phf.o
	http-root-dir/htdocs/icons/
	http-root-dir/logs

nothing added to commit but untracked files present (use "git add" to track)
[master 73351c7] Commit
 Committer: Aarav Mangla <mangla1@data.cs.purdue.edu>
Your name and email address were configured automatically based
on your username and hostname. Please check that they are accurate.
You can suppress this message by setting them explicitly:

    git config --global user.name "Your Name"
    git config --global user.email you@example.com

After doing this, you may fix the identity used for this commit with:

    git commit --amend --reset-author

 1 file changed, 1 insertion(+), 1 deletion(-)
[master 9ba548d] Commit
 Committer: Aarav Mangla <mangla1@data.cs.purdue.edu>
Your name and email address were configured automatically based
on your username and hostname. Please check that they are accurate.
You can suppress this message by setting them explicitly:

    git config --global user.name "Your Name"
    git config --global user.email you@example.com

After doing this, you may fix the identity used for this commit with:

    git commit --amend --reset-author

 1 file changed, 120 insertions(+), 248 deletions(-)
[master f5d30dc] Commit
 Committer: Aarav Mangla <mangla1@data.cs.purdue.edu>
Your name and email address were configured automatically based
on your username and hostname. Please check that they are accurate.
You can suppress this message by setting them explicitly:

    git config --global user.name "Your Name"
    git config --global user.email you@example.com

After doing this, you may fix the identity used for this commit with:

    git commit --amend --reset-author

 1 file changed, 2 insertions(+), 1 deletion(-)
On branch master
Your branch is up to date with 'origin/master'.

Untracked files:
  (use "git add <file>..." to include in what will be committed)
	.local.git.out
	.vscode/
	README
	http-root-dir/cgi-bin/imagemap
	http-root-dir/cgi-bin/jj
	http-root-dir/cgi-bin/phf
	http-root-dir/cgi-bin/pizza
	http-root-dir/cgi-src/imagemap.o
	http-root-dir/cgi-src/jj.o
	http-root-dir/cgi-src/phf.o
	http-root-dir/htdocs/icons/
	http-root-dir/logs

nothing added to commit but untracked files present (use "git add" to track)
[master be5c3dc] Commit
 Committer: Aarav Mangla <mangla1@data.cs.purdue.edu>
Your name and email address were configured automatically based
on your username and hostname. Please check that they are accurate.
You can suppress this message by setting them explicitly:

    git config --global user.name "Your Name"
    git config --global user.email you@example.com

After doing this, you may fix the identity used for this commit with:

    git commit --amend --reset-author

 1 file changed, 14 insertions(+), 3 deletions(-)
[master 07b21d9] Commit
 Committer: Aarav Mangla <mangla1@data.cs.purdue.edu>
Your name and email address were configured automatically based
on your username and hostname. Please check that they are accurate.
You can suppress this message by setting them explicitly:

    git config --global user.name "Your Name"
    git config --global user.email you@example.com

After doing this, you may fix the identity used for this commit with:

    git commit --amend --reset-author

 1 file changed, 110 insertions(+), 57 deletions(-)
[master ad435c7] Commit
 Committer: Aarav Mangla <mangla1@data.cs.purdue.edu>
Your name and email address were configured automatically based
on your username and hostname. Please check that they are accurate.
You can suppress this message by setting them explicitly:

    git config --global user.name "Your Name"
    git config --global user.email you@example.com

After doing this, you may fix the identity used for this commit with:

    git commit --amend --reset-author

 1 file changed, 73 insertions(+), 78 deletions(-)
[master 6009474] Commit
 Committer: Aarav Mangla <mangla1@data.cs.purdue.edu>
Your name and email address were configured automatically based
on your username and hostname. Please check that they are accurate.
You can suppress this message by setting them explicitly:

    git config --global user.name "Your Name"
    git config --global user.email you@example.com

After doing this, you may fix the identity used for this commit with:

    git commit --amend --reset-author

 1 file changed, 1 deletion(-)
[master a8cb661] Commit
 Committer: Aarav Mangla <mangla1@data.cs.purdue.edu>
Your name and email address were configured automatically based
on your username and hostname. Please check that they are accurate.
You can suppress this message by setting them explicitly:

    git config --global user.name "Your Name"
    git config --global user.email you@example.com

After doing this, you may fix the identity used for this commit with:

    git commit --amend --reset-author

 1 file changed, 1 insertion(+), 1 deletion(-)
[master 920a82a] Commit
 Committer: Aarav Mangla <mangla1@data.cs.purdue.edu>
Your name and email address were configured automatically based
on your username and hostname. Please check that they are accurate.
You can suppress this message by setting them explicitly:

    git config --global user.name "Your Name"
    git config --global user.email you@example.com

After doing this, you may fix the identity used for this commit with:

    git commit --amend --reset-author

 1 file changed, 1 insertion(+), 1 deletion(-)
On branch master
Your branch is up to date with 'origin/master'.

Untracked files:
  (use "git add <file>..." to include in what will be committed)
	.local.git.out
	.vscode/
	README
	daytime-server
	daytime-server.o
	hello.o
	hello.so
	http-root-dir/cgi-bin/imagemap
	http-root-dir/cgi-bin/jj
	http-root-dir/cgi-bin/phf
	http-root-dir/cgi-bin/pizza
	http-root-dir/cgi-src/imagemap.o
	http-root-dir/cgi-src/jj.o
	http-root-dir/cgi-src/phf.o
	http-root-dir/htdocs/icons/
	http-root-dir/logs
	myhttpd
	myhttpd.o
	use-dlopen
	use-dlopen.o

nothing added to commit but untracked files present (use "git add" to track)
